<?xml version="1.0" encoding="UTF-8" ?>
<testsuite tests="6" failures="0" name="UserServiceTest" time="1.385" errors="0" skipped="0">
  <properties>
[...]
</properties>
  <testcase classname="UserServiceTest" name="saveUser" time="1.308"/>
  <testcase classname="UserServiceTest" name="removeUserById" time="0.024"/>
  <testcase classname="UserServiceTest" name="getAllUsers" time="0.017"/>
  <testcase classname="UserServiceTest" name="dropUsersTable" time="0.007"/>
  <testcase classname="UserServiceTest" name="createUsersTable" time="0.008"/>
  <testcase classname="UserServiceTest" name="cleanUsersTable" time="0.021"/>
</testsuite>